<?xml version="1.0" encoding="UTF-8"?>
<!-- Generated by org.testng.reporters.JUnitXMLReporter -->
<testsuite ignored="0" hostname="DESKTOP-4G4MO8Q" failures="0" tests="3" name="Default test" time="156.238" errors="0" timestamp="2026-02-10T01:16:06 IST">
  <testcase classname="com.orangeHRM.test.LoginPageTest" name="errorMessageValidate" time="2.422"/>
  <testcase classname="com.orangeHRM.test.LoginPageTest" name="errorMessageValidateFailed" time="43.337"/>
  <testcase classname="com.orangeHRM.test.LoginPageTest" name="verifyLoginTest" time="26.588"/>
</testsuite> <!-- Default test -->
