<?xml version="1.0" encoding="UTF-8"?>
<!-- Generated by org.testng.reporters.JUnitXMLReporter -->
<testsuite ignored="1" hostname="DESKTOP-4G4MO8Q" failures="0" tests="2" name="OrangeHRMTest1" time="167.473" errors="0" timestamp="2026-02-08T22:05:23 IST">
  <testcase classname="com.orangeHRM.test.DummyTest" name="dummyTest" time="0.02"/>
  <testcase classname="com.orangeHRM.test.DummyTest2" name="dummyTest2" time="0.008"/>
  <testcase classname="com.orangehrm.base.BaseClass" name="@BeforeSuite loadConfig" time="0.0">
    <ignored/>
  </testcase> <!-- @BeforeSuite loadConfig -->
</testsuite> <!-- OrangeHRMTest1 -->
