<?xml version="1.0" encoding="UTF-8"?>
<testng-results ignored="0" total="3" passed="3" failed="0" skipped="0">
  <reporter-output>
  </reporter-output>
  <suite started-at="2026-02-10T01:13:30 IST" name="Default suite" finished-at="2026-02-10T01:16:06 IST" duration-ms="156238">
    <groups>
    </groups>
    <test started-at="2026-02-10T01:13:30 IST" name="Default test" finished-at="2026-02-10T01:16:06 IST" duration-ms="156238">
      <class name="com.orangeHRM.test.LoginPageTest">
        <test-method is-config="true" signature="loadConfig()[pri:0, instance:com.orangeHRM.test.LoginPageTest@77102b91]" started-at="2026-02-10T01:13:29 IST" name="loadConfig" finished-at="2026-02-10T01:13:30 IST" duration-ms="172" status="PASS">
          <reporter-output>
          </reporter-output>
        </test-method> <!-- loadConfig -->
        <test-method is-config="true" signature="setUp()[pri:0, instance:com.orangeHRM.test.LoginPageTest@77102b91]" started-at="2026-02-10T01:13:30 IST" name="setUp" finished-at="2026-02-10T01:13:53 IST" duration-ms="23000" status="PASS">
          <reporter-output>
          </reporter-output>
        </test-method> <!-- setUp -->
        <test-method is-config="true" signature="setupPages()[pri:0, instance:com.orangeHRM.test.LoginPageTest@77102b91]" started-at="2026-02-10T01:13:53 IST" name="setupPages" finished-at="2026-02-10T01:13:53 IST" duration-ms="2" status="PASS">
          <reporter-output>
          </reporter-output>
        </test-method> <!-- setupPages -->
        <test-method signature="errorMessageValidate()[pri:0, instance:com.orangeHRM.test.LoginPageTest@77102b91]" started-at="2026-02-10T01:13:53 IST" name="errorMessageValidate" description="Verify behaviour if the login details are wrong" finished-at="2026-02-10T01:13:55 IST" duration-ms="2422" status="PASS">
          <reporter-output>
          </reporter-output>
        </test-method> <!-- errorMessageValidate -->
        <test-method is-config="true" signature="tearDown()[pri:0, instance:com.orangeHRM.test.LoginPageTest@77102b91]" started-at="2026-02-10T01:13:55 IST" name="tearDown" finished-at="2026-02-10T01:13:56 IST" duration-ms="471" status="PASS">
          <reporter-output>
          </reporter-output>
        </test-method> <!-- tearDown -->
        <test-method is-config="true" signature="setUp()[pri:0, instance:com.orangeHRM.test.LoginPageTest@77102b91]" started-at="2026-02-10T01:13:56 IST" name="setUp" finished-at="2026-02-10T01:14:17 IST" duration-ms="21452" status="PASS">
          <reporter-output>
          </reporter-output>
        </test-method> <!-- setUp -->
        <test-method is-config="true" signature="setupPages()[pri:0, instance:com.orangeHRM.test.LoginPageTest@77102b91]" started-at="2026-02-10T01:14:17 IST" name="setupPages" finished-at="2026-02-10T01:14:17 IST" duration-ms="1" status="PASS">
          <reporter-output>
          </reporter-output>
        </test-method> <!-- setupPages -->
        <test-method signature="errorMessageValidateFailed()[pri:0, instance:com.orangeHRM.test.LoginPageTest@77102b91]" started-at="2026-02-10T01:14:17 IST" name="errorMessageValidateFailed" description="Verify behaviour if the login details are wrong(Failed version)" finished-at="2026-02-10T01:15:00 IST" duration-ms="43337" status="PASS">
          <reporter-output>
          </reporter-output>
        </test-method> <!-- errorMessageValidateFailed -->
        <test-method is-config="true" signature="tearDown()[pri:0, instance:com.orangeHRM.test.LoginPageTest@77102b91]" started-at="2026-02-10T01:15:00 IST" name="tearDown" finished-at="2026-02-10T01:15:01 IST" duration-ms="288" status="PASS">
          <reporter-output>
          </reporter-output>
        </test-method> <!-- tearDown -->
        <test-method is-config="true" signature="setUp()[pri:0, instance:com.orangeHRM.test.LoginPageTest@77102b91]" started-at="2026-02-10T01:15:01 IST" name="setUp" finished-at="2026-02-10T01:15:39 IST" duration-ms="38429" status="PASS">
          <reporter-output>
          </reporter-output>
        </test-method> <!-- setUp -->
        <test-method is-config="true" signature="setupPages()[pri:0, instance:com.orangeHRM.test.LoginPageTest@77102b91]" started-at="2026-02-10T01:15:39 IST" name="setupPages" finished-at="2026-02-10T01:15:39 IST" duration-ms="1" status="PASS">
          <reporter-output>
          </reporter-output>
        </test-method> <!-- setupPages -->
        <test-method signature="verifyLoginTest()[pri:0, instance:com.orangeHRM.test.LoginPageTest@77102b91]" started-at="2026-02-10T01:15:39 IST" name="verifyLoginTest" description="Verify Login of the website" finished-at="2026-02-10T01:16:06 IST" duration-ms="26588" status="PASS">
          <reporter-output>
          </reporter-output>
        </test-method> <!-- verifyLoginTest -->
        <test-method is-config="true" signature="tearDown()[pri:0, instance:com.orangeHRM.test.LoginPageTest@77102b91]" started-at="2026-02-10T01:16:06 IST" name="tearDown" finished-at="2026-02-10T01:16:06 IST" duration-ms="208" status="PASS">
          <reporter-output>
          </reporter-output>
        </test-method> <!-- tearDown -->
      </class> <!-- com.orangeHRM.test.LoginPageTest -->
    </test> <!-- Default test -->
  </suite> <!-- Default suite -->
</testng-results>
