<?xml version="1.0" encoding="UTF-8"?>
<!-- Generated by org.testng.reporters.JUnitReportReporter -->
<testsuite hostname="DESKTOP-4G4MO8Q" failures="0" tests="3" name="com.orangeHRM.test.LoginPageTest" time="156.199" errors="0" timestamp="2026-02-10T01:16:06 IST" skipped="0">
  <testcase classname="com.orangeHRM.test.LoginPageTest" name="errorMessageValidateFailed" time="64.998"/>
  <testcase classname="com.orangeHRM.test.LoginPageTest" name="verifyLoginTest" time="65.307"/>
  <testcase classname="com.orangeHRM.test.LoginPageTest" name="errorMessageValidate" time="25.894"/>
</testsuite> <!-- com.orangeHRM.test.LoginPageTest -->
